[0m20:12:42.528403 [debug] [MainThread]: Sending event: {'category': 'dbt', 'action': 'invocation', 'label': 'start', 'context': [<snowplow_tracker.self_describing_json.SelfDescribingJson object at 0x0000017BFABFB550>, <snowplow_tracker.self_describing_json.SelfDescribingJson object at 0x0000017BFAB9BBD0>, <snowplow_tracker.self_describing_json.SelfDescribingJson object at 0x0000017BFA9C61D0>]}


============================== 20:12:42.535088 | 7f5a19fd-c8d2-4854-b868-5b2b6a5395a8 ==============================
[0m20:12:42.535088 [info ] [MainThread]: Running with dbt=1.9.0-rc2
[0m20:12:42.536468 [debug] [MainThread]: running dbt with arguments {'printer_width': '80', 'indirect_selection': 'eager', 'write_json': 'True', 'log_cache_events': 'False', 'partial_parse': 'True', 'cache_selected_only': 'False', 'warn_error': 'None', 'fail_fast': 'False', 'debug': 'False', 'log_path': 'logs', 'version_check': 'True', 'profiles_dir': 'C:\\Users\\hp\\.dbt', 'use_colors': 'True', 'use_experimental_parser': 'False', 'no_print': 'None', 'quiet': 'False', 'empty': 'None', 'warn_error_options': 'WarnErrorOptions(include=[], exclude=[])', 'introspect': 'True', 'log_format': 'default', 'invocation_command': 'dbt init olist_dw', 'target_path': 'None', 'static_parser': 'True', 'send_anonymous_usage_stats': 'True'}
[0m20:12:42.558965 [debug] [MainThread]: Starter project path: C:\Users\hp\Downloads\ecommerce-data-warehouse\venv\Lib\site-packages\dbt\include\starter_project
[0m20:12:42.603281 [info ] [MainThread]: 
Your new dbt project "olist_dw" was created!

For more information on how to configure the profiles.yml file,
please consult the dbt documentation here:

  https://docs.getdbt.com/docs/configure-your-profile

One more thing:

Need help? Don't hesitate to reach out to us via GitHub issues or on Slack:

  https://community.getdbt.com/

Happy modeling!

[0m20:12:42.605006 [info ] [MainThread]: Setting up your profile.
[0m20:14:03.885964 [info ] [MainThread]: Profile olist_dw written to C:\Users\hp\.dbt\profiles.yml using target's profile_template.yml and your supplied values. Run 'dbt debug' to validate the connection.
[0m20:14:03.895113 [debug] [MainThread]: Command `dbt init` succeeded at 20:14:03.895113 after 81.54 seconds
[0m20:14:03.897701 [debug] [MainThread]: Sending event: {'category': 'dbt', 'action': 'invocation', 'label': 'end', 'context': [<snowplow_tracker.self_describing_json.SelfDescribingJson object at 0x0000017BF5F0D0D0>, <snowplow_tracker.self_describing_json.SelfDescribingJson object at 0x0000017BF605AE50>, <snowplow_tracker.self_describing_json.SelfDescribingJson object at 0x0000017BF605A2D0>]}
[0m20:14:03.899087 [debug] [MainThread]: Flushing usage events
[0m20:14:04.922061 [debug] [MainThread]: An error was encountered while trying to flush usage events
